d:\downloads\led\samples\g910_sample\g910_sample\debug\g910_sample.pch
d:\downloads\led\samples\g910_sample\g910_sample\debug\vc141.pdb
d:\downloads\led\samples\g910_sample\g910_sample\debug\vc141.idb
d:\downloads\led\samples\g910_sample\g910_sample\debug\stdafx.obj
d:\downloads\led\samples\g910_sample\g910_sample\debug\g910_sampledlg.obj
d:\downloads\led\samples\g910_sample\g910_sample\debug\g910_sample.obj
d:\downloads\led\samples\g910_sample\debug\g910_sample.exe
d:\downloads\led\samples\g910_sample\debug\g910_sample.ilk
d:\downloads\led\samples\g910_sample\debug\g910_sample.pdb
d:\downloads\led\samples\g910_sample\g910_sample\debug\g910_sample.res
d:\downloads\led\samples\g910_sample\g910_sample\debug\nativecodeanalysis.read.1.tlog
d:\downloads\led\samples\g910_sample\g910_sample\debug\g910_sample.nativecodeanalysis.xml
d:\downloads\led\samples\g910_sample\g910_sample\debug\g910_sampledlg.nativecodeanalysis.xml
d:\downloads\led\samples\g910_sample\g910_sample\debug\stdafx.nativecodeanalysis.xml
d:\downloads\led\samples\g910_sample\g910_sample\debug\vc.nativecodeanalysis.all.xml
d:\downloads\led\samples\g910_sample\g910_sample\debug\g910_sample.tlog\cl.command.1.tlog
d:\downloads\led\samples\g910_sample\g910_sample\debug\g910_sample.tlog\cl.read.1.tlog
d:\downloads\led\samples\g910_sample\g910_sample\debug\g910_sample.tlog\cl.write.1.tlog
d:\downloads\led\samples\g910_sample\g910_sample\debug\g910_sample.tlog\link.command.1.tlog
d:\downloads\led\samples\g910_sample\g910_sample\debug\g910_sample.tlog\link.read.1.tlog
d:\downloads\led\samples\g910_sample\g910_sample\debug\g910_sample.tlog\link.write.1.tlog
d:\downloads\led\samples\g910_sample\g910_sample\debug\g910_sample.tlog\rc.command.1.tlog
d:\downloads\led\samples\g910_sample\g910_sample\debug\g910_sample.tlog\rc.read.1.tlog
d:\downloads\led\samples\g910_sample\g910_sample\debug\g910_sample.tlog\rc.write.1.tlog
